{"/Users/hegazyi/NewsFeedApp/App.js": {"path":"/Users/hegazyi/NewsFeedApp/App.js","statementMap":{"0":{"start":{"line":7,"column":2},"end":{"line":13,"column":4}}},"fnMap":{"0":{"name":"App","decl":{"start":{"line":5,"column":24},"end":{"line":5,"column":27}},"loc":{"start":{"line":5,"column":30},"end":{"line":14,"column":1}},"line":5}},"branchMap":{},"s":{"0":0},"f":{"0":0},"b":{}}
,"/Users/hegazyi/NewsFeedApp/locales/index.js": {"path":"/Users/hegazyi/NewsFeedApp/locales/index.js","statementMap":{"0":{"start":{"line":7,"column":18},"end":{"line":14,"column":1}},"1":{"start":{"line":16,"column":0},"end":{"line":26,"column":3}}},"fnMap":{},"branchMap":{"0":{"loc":{"start":{"line":21,"column":7},"end":{"line":21,"column":38}},"type":"cond-expr","locations":[{"start":{"line":21,"column":27},"end":{"line":21,"column":31}},{"start":{"line":21,"column":34},"end":{"line":21,"column":38}}],"line":21}},"s":{"0":0,"1":0},"f":{},"b":{"0":[0,0]}}
}
